<?xml version="1.0" encoding="UTF-8"?>
<!-- Generated by org.testng.reporters.JUnitReportReporter -->
<testsuite hostname="DESKTOP-4MD939I" failures="0" tests="1" name="tests.NewTest" time="7.057" errors="0" timestamp="2021-05-14T13:44:44 IST" skipped="0">
  <testcase classname="tests.NewTest" name="openMyBlog" time="7.057"/>
  <system-out/>
</testsuite> <!-- tests.NewTest -->
