<?xml version="1.0" encoding="UTF-8"?>
<!-- Generated by org.testng.reporters.JUnitReportReporter -->
<testsuite hostname="DESKTOP-4MD939I" failures="0" tests="1" name="tests.NewTest" time="8.925" errors="0" timestamp="2021-05-12T14:53:17 IST" skipped="0">
  <testcase classname="tests.NewTest" name="openMyBlog" time="8.925"/>
  <system-out/>
</testsuite> <!-- tests.NewTest -->
